<?xml version="1.0" encoding="UTF-8"?>
<!--

    Copyright 2014 SAP AG

    Licensed under the Apache License, Version 2.0 (the "License");
    you may not use this file except in compliance with the License.
    You may obtain a copy of the License at

        http://www.apache.org/licenses/LICENSE-2.0

    Unless required by applicable law or agreed to in writing, software
    distributed under the License is distributed on an "AS IS" BASIS,
    WITHOUT WARRANTIES OR CONDITIONS OF ANY KIND, either express or implied.
    See the License for the specific language governing permissions and
    limitations under the License.

-->
<measurementEnvironment xmlns="org.ppd.measurementEnvironmentModel"
	xmlns:xsi="org.ppd.measurementEnvironmentModel" xsi:schemaLocation="org.ppd.measurementEnvironmentModel">
	<instrumentationController>
		<name>Instrumentation Agent</name>
		<host>deqkal277.qkal.sap.corp</host>
		<port>8888</port>
		<extensionName>instrumentation.dynamic.client</extensionName>
		<config key="org.spotter.instrumentation.packageIncludes"
			value="java,sun" />
		<config key="org.spotter.instrumentation.packageExcludes"
			value="..." />
	</instrumentationController>

	<measurementController>
		<name>Instrumentation Agent</name>
		<host>deqkal277.qkal.sap.corp</host>
		<port>8288</port>
		<extensionName>measurement.client</extensionName>

		<!-- ramp-up time in seconds -->
		<!-- <config key="org.ppd.measurement.rampuptime" value="0"/> -->
		<!-- interval for measurements in milliseconds -->
		<!-- <config key="org.ppd.measurement.delay" value="500"/> -->
	</measurementController>

	<measurementController>
		<name>Sampler Agent</name>
		<host>deqkal277.qkal.sap.corp</host>
		<port>8288</port>
		<extensionName>measurement.sampler</extensionName>

		<config key="org.spotter.sampling.delay" value="500" />
	</measurementController>

	<workloadAdapter>
		<name>Loadrunner Adapter</name>
		<host>qkad00220964a.qkal.sap.corp</host>
		<port>8081</port>
		<extensionName>workload.adapter.loadrunner</extensionName>
		<!-- ramp up time in seconds -->
		<config key="org.spotter.workload.experiment.rampUpTime" value="0" />
		<!-- experiment duration in seconds -->
		<config key="org.spotter.workload.experiment.duration" value="600" />
		<!-- cool down duration in seconds -->
		<config key="org.spotter.workload.experiment.coolDownTime"
			value="5" />

		<!-- LOADRUNNER specific properties -->
		<!-- path to the controller EXE of the LoadRunner installation -->
		<config key="org.spotter.workload.loadrunner.controllerExe"
			value="C:\\Program Files\\HP\\LoadRunner\\bin\\WLrun.exe" />
		<!-- path to the analysis EXE of the LoadRunner installation -->
		<config key="org.spotter.workload.loadrunner.analysisExe"
			value="C:\\Program Files\\HP\\LoadRunner\\bin\\AnalysisUI.exe" />
		<!-- path to the scenario file -->
		<config key="org.spotter.workload.loadrunner.scenarioFile"
			value="C:\\Documents and Settings\\lr-user\\Desktop\\TPCWLRTests\\TPC-W_Stefan.lrs" />
		<!-- name of the analysis template -->
		<config key="org.spotter.workload.loadrunner.analysis.templateName"
			value="TPCW" />
		<!-- analysis session name -->
		<config key="org.spotter.workload.loadrunner.analysis.sessionName"
			value="tpcwSession" />
		<!-- path to the result directory -->
		<config key="org.spotter.workload.loadrunner.resultDir"
			value="C:\\Documents and Settings\\lr-user\\Desktop\\temp" />
		<!-- scheduling mode, options are: runUntilCompletion, dynamicScheduling -->
		<config key="org.spotter.workload.loadrunner.experiment.schedulingMode"
			value="dynamicScheduling" />
		<!-- vuser initialization mode, options are: simultaneously, beforeRunning, 
			interval -->
		<config key="org.spotter.workload.loadrunner.experiment.vUserInitMode"
			value="beforeRunning" />

	</workloadAdapter>
</measurementEnvironment>